<?xml version="1.0" encoding="UTF-8"?>
<!-- Generated by org.testng.reporters.JUnitReportReporter -->
<testsuite skipped="0" hostname="DESKTOP-T39O57V" name="automation_homePage.TC002_verifyRegisteration" tests="1" failures="0" timestamp="10 Jun 2018 14:38:37 GMT" time="5.800" errors="0">
  <testcase name="createaccount" time="5.800" classname="automation_homePage.TC002_verifyRegisteration"/>
</testsuite> <!-- automation_homePage.TC002_verifyRegisteration -->
