<?xml version="1.0" encoding="UTF-8"?>
<!-- Generated by org.testng.reporters.JUnitReportReporter -->
<testsuite skipped="0" hostname="DESKTOP-T39O57V" name="automation_homePage.TC001_verifyLoginWithInvalidCredentials" tests="1" failures="0" timestamp="10 Jun 2018 03:18:42 GMT" time="2.386" errors="0">
  <testcase name="verifyLoginWithInvalidCredentials" time="2.386" classname="automation_homePage.TC001_verifyLoginWithInvalidCredentials"/>
</testsuite> <!-- automation_homePage.TC001_verifyLoginWithInvalidCredentials -->
